<?xml version="1.0" encoding="UTF-8"?>
<!-- Generated by org.testng.reporters.JUnitReportReporter -->
<testsuite hostname="DESKTOP-QGP1QR8" failures="0" tests="1" name="Varification.NewTest" time="22.996" errors="0" timestamp="2022-11-16T11:42:45 IST" skipped="0">
  <testcase classname="Varification.NewTest" name="f" time="22.996"/>
  <system-out/>
</testsuite> <!-- Varification.NewTest -->
