<?xml version="1.0" encoding="UTF-8"?>
<!-- Generated by org.testng.reporters.JUnitReportReporter -->
<testsuite hostname="DESKTOP-QGP1QR8" failures="0" tests="1" name="VarificationTestNG.AssertEqual" time="44.048" errors="0" timestamp="2022-11-17T13:21:19 IST" skipped="0">
  <testcase classname="VarificationTestNG.AssertEqual" name="f" time="44.048"/>
  <system-out/>
</testsuite> <!-- VarificationTestNG.AssertEqual -->
