<?xml version="1.0" encoding="UTF-8"?>
<!-- Generated by org.testng.reporters.JUnitReportReporter -->
<testsuite hostname="DESKTOP-QGP1QR8" failures="0" tests="1" name="TestAnnoutation.EmailableReport" time="0.029" errors="0" timestamp="2022-11-07T15:26:55 IST" skipped="0">
  <testcase classname="TestAnnoutation.EmailableReport" name="f" time="0.029"/>
  <system-out>
    <![CDATA[when we use only reporter method with zero parameter
when we use parametric reporter class]]>
  </system-out>
</testsuite> <!-- TestAnnoutation.EmailableReport -->
