<?xml version="1.0" encoding="UTF-8"?>
<!-- Generated by org.testng.reporters.JUnitReportReporter -->
<testsuite hostname="DESKTOP-QGP1QR8" failures="0" tests="2" name="MultipleTestcase.Test2" time="0.028" errors="0" timestamp="2022-11-16T12:08:26 IST" skipped="0">
  <testcase classname="MultipleTestcase.Test2" name="y" time="0.012"/>
  <system-out>
    <![CDATA[y test case]]>
  </system-out>
  <testcase classname="MultipleTestcase.Test2" name="W" time="0.016"/>
  <system-out>
    <![CDATA[W test case]]>
  </system-out>
</testsuite> <!-- MultipleTestcase.Test2 -->
