<?xml version="1.0" encoding="UTF-8"?>
<!-- Generated by org.testng.reporters.JUnitReportReporter -->
<testsuite hostname="DESKTOP-QGP1QR8" failures="0" tests="1" name="TestAnnoutation.TestAnnoutation1" time="0.042" errors="0" timestamp="2022-11-07T15:37:27 IST" skipped="0">
  <testcase classname="TestAnnoutation.TestAnnoutation1" name="f" time="0.042"/>
  <system-out>
    <![CDATA[Validate the user id on upstox]]>
  </system-out>
</testsuite> <!-- TestAnnoutation.TestAnnoutation1 -->
