<?xml version="1.0" encoding="UTF-8"?>
<!-- Generated by org.testng.reporters.JUnitReportReporter -->
<testsuite hostname="DESKTOP-QGP1QR8" failures="0" tests="1" name="parllaandserial.Test2" time="9.729" errors="0" timestamp="2022-11-16T12:39:06 IST" skipped="0">
  <testcase classname="parllaandserial.Test2" name="f" time="9.729"/>
  <system-out/>
</testsuite> <!-- parllaandserial.Test2 -->
