<?xml version="1.0" encoding="UTF-8"?>
<!-- Generated by org.testng.reporters.JUnitReportReporter -->
<testsuite hostname="DESKTOP-QGP1QR8" failures="0" tests="5" name="TestNgkeys.EnabledTn" time="0.045" errors="0" timestamp="2022-11-15T19:12:13 IST" skipped="3">
  <testcase classname="TestNgkeys.EnabledTn" name="A" time="0.013"/>
  <system-out>
    <![CDATA[i am method A]]>
  </system-out>
  <testcase classname="TestNgkeys.EnabledTn" name="E" time="0.032"/>
  <system-out>
    <![CDATA[i am method E]]>
  </system-out>
  <testcase classname="TestNgkeys.EnabledTn" name="D">
    <skipped/>
  </testcase> <!-- D -->
  <system-out/>
  <testcase classname="TestNgkeys.EnabledTn" name="C">
    <skipped/>
  </testcase> <!-- C -->
  <system-out/>
  <testcase classname="TestNgkeys.EnabledTn" name="B">
    <skipped/>
  </testcase> <!-- B -->
  <system-out/>
</testsuite> <!-- TestNgkeys.EnabledTn -->
