<?xml version="1.0" encoding="UTF-8"?>
<!-- Generated by org.testng.reporters.JUnitReportReporter -->
<testsuite hostname="DESKTOP-QGP1QR8" failures="0" tests="1" name="TestNgkeys.InvocationCount" time="0.020" errors="0" timestamp="2022-11-15T19:12:13 IST" skipped="0">
  <testcase classname="TestNgkeys.InvocationCount" name="f" time="0.020"/>
  <system-out>
    <![CDATA[i am using invocationCount method]]>
  </system-out>
</testsuite> <!-- TestNgkeys.InvocationCount -->
