<?xml version="1.0" encoding="UTF-8"?>
<!-- Generated by org.testng.reporters.JUnitReportReporter -->
<testsuite hostname="DESKTOP-QGP1QR8" failures="0" tests="4" name="MultipleTestcase.Test1" time="0.069" errors="0" timestamp="2022-11-16T12:11:01 IST" skipped="0">
  <testcase classname="MultipleTestcase.Test1" name="B" time="0.005"/>
  <system-out>
    <![CDATA[B test case]]>
  </system-out>
  <testcase classname="MultipleTestcase.Test1" name="C" time="0.015"/>
  <system-out>
    <![CDATA[C test case]]>
  </system-out>
  <testcase classname="MultipleTestcase.Test1" name="D" time="0.020"/>
  <system-out>
    <![CDATA[D test case]]>
  </system-out>
  <testcase classname="MultipleTestcase.Test1" name="A" time="0.029"/>
  <system-out>
    <![CDATA[A test case]]>
  </system-out>
</testsuite> <!-- MultipleTestcase.Test1 -->
