<?xml version="1.0" encoding="UTF-8"?>
<!-- Generated by org.testng.reporters.JUnitReportReporter -->
<testsuite hostname="DESKTOP-QGP1QR8" failures="0" tests="2" name="CrossBrowserTest.CBtest" time="20.545" errors="0" timestamp="2022-11-18T16:20:32 IST" skipped="0">
  <testcase classname="CrossBrowserTest.CBtest" name="crossbrowser" time="13.495"/>
  <system-out/>
  <testcase classname="CrossBrowserTest.CBtest" name="crossbrowser" time="7.050"/>
  <system-out/>
</testsuite> <!-- CrossBrowserTest.CBtest -->
