<?xml version="1.0" encoding="UTF-8"?>
<!-- Generated by org.testng.reporters.JUnitReportReporter -->
<testsuite hostname="DESKTOP-QGP1QR8" failures="0" tests="1" name="parllaandserial.Test1" time="15.793" errors="0" timestamp="2022-11-16T12:39:06 IST" skipped="0">
  <testcase classname="parllaandserial.Test1" name="f" time="15.793"/>
  <system-out/>
</testsuite> <!-- parllaandserial.Test1 -->
