<?xml version="1.0" encoding="UTF-8"?>
<!-- Generated by org.testng.reporters.JUnitReportReporter -->
<testsuite hostname="DESKTOP-QGP1QR8" failures="0" tests="4" name="TestNgkeys.TimeOut" time="0.585" errors="0" timestamp="2022-11-15T19:12:13 IST" skipped="0">
  <testcase classname="TestNgkeys.TimeOut" name="B" time="0.539"/>
  <system-out>
    <![CDATA[i am method B]]>
  </system-out>
  <testcase classname="TestNgkeys.TimeOut" name="A" time="0.003"/>
  <system-out>
    <![CDATA[i am method A]]>
  </system-out>
  <testcase classname="TestNgkeys.TimeOut" name="C" time="0.017"/>
  <system-out>
    <![CDATA[i am method C]]>
  </system-out>
  <testcase classname="TestNgkeys.TimeOut" name="D" time="0.026"/>
  <system-out>
    <![CDATA[i am method D]]>
  </system-out>
</testsuite> <!-- TestNgkeys.TimeOut -->
