<?xml version="1.0" encoding="UTF-8"?>
<!-- Generated by org.testng.reporters.JUnitReportReporter -->
<testsuite hostname="DESKTOP-QGP1QR8" failures="0" tests="2" name="TestNgkeys.Priority" time="0.068" errors="0" timestamp="2022-11-15T19:12:13 IST" skipped="0">
  <testcase classname="TestNgkeys.Priority" name="D" time="0.025"/>
  <system-out>
    <![CDATA[i am method D]]>
  </system-out>
  <testcase classname="TestNgkeys.Priority" name="A" time="0.043"/>
  <system-out>
    <![CDATA[i am method A]]>
  </system-out>
</testsuite> <!-- TestNgkeys.Priority -->
